<?xml version="1.0" encoding="UTF-8"?>
<testng-results skipped="0" failed="0" ignored="0" total="1" passed="1">
  <reporter-output>
  </reporter-output>
  <suite name="Default suite" duration-ms="1692" started-at="2020-01-02T17:41:37Z" finished-at="2020-01-02T17:41:38Z">
    <groups>
    </groups>
    <test name="Default test" duration-ms="1692" started-at="2020-01-02T17:41:37Z" finished-at="2020-01-02T17:41:38Z">
      <class name="com.api.tests.POSTCallNoBDD">
        <test-method status="PASS" signature="tokenPostAPITest()[pri:0, instance:com.api.tests.POSTCallNoBDD@475530b9]" name="tokenPostAPITest" duration-ms="1676" started-at="2020-01-02T12:41:37Z" finished-at="2020-01-02T12:41:38Z">
          <reporter-output>
          </reporter-output>
        </test-method> <!-- tokenPostAPITest -->
      </class> <!-- com.api.tests.POSTCallNoBDD -->
    </test> <!-- Default test -->
  </suite> <!-- Default suite -->
</testng-results>
