<?xml version="1.0" encoding="UTF-8"?>
<testng-results skipped="0" failed="0" total="1" passed="1">
  <reporter-output>
  </reporter-output>
  <suite name="Default suite" duration-ms="3083" started-at="2019-11-13T05:58:53Z" finished-at="2019-11-13T05:58:56Z">
    <groups>
    </groups>
    <test name="Default test" duration-ms="3083" started-at="2019-11-13T05:58:53Z" finished-at="2019-11-13T05:58:56Z">
      <class name="com.api.tests.DELETECallAPI">
        <test-method status="PASS" signature="deleteUserAPITest()[pri:0, instance:com.api.tests.DELETECallAPI@16c0663d]" name="deleteUserAPITest" duration-ms="3072" started-at="2019-11-13T00:58:53Z" finished-at="2019-11-13T00:58:56Z">
          <reporter-output>
          </reporter-output>
        </test-method> <!-- deleteUserAPITest -->
      </class> <!-- com.api.tests.DELETECallAPI -->
    </test> <!-- Default test -->
  </suite> <!-- Default suite -->
</testng-results>
